
                  X              external_work      internal_energy     kinetic_energy     total_energy    

                0.                 0.                 0.                32.5E-12           32.5E-12
                6.59533E-03       32.6015E-12        32.6015E-12        34.3279E-12        34.3279E-12
               13.1846E-03       122.911E-12        110.804E-12         45.4128E-12        33.3067E-12
               19.77E-03         258.565E-12        245.39E-12          46.2927E-12        33.1174E-12
               26.3532E-03       438.717E-12        438.333E-12         34.8822E-12        34.4979E-12
               32.9329E-03       674.819E-12        674.879E-12         32.5E-12           32.56E-12
               39.5066E-03       974.887E-12        975.296E-12         33.8388E-12        34.248E-12
               46.0741E-03         1.33234E-09        1.3214E-09        44.4909E-12        33.5478E-12
               52.6377E-03         1.73456E-09        1.72062E-09       46.9337E-12        32.9994E-12
               59.199E-03          2.17959E-09        2.17881E-09       35.4035E-12        34.6263E-12
               65.757E-03          2.67847E-09        2.67861E-09       32.5E-12           32.6458E-12
               72.3091E-03         3.23994E-09        3.2406E-09        33.5098E-12        34.1735E-12
               78.855E-03          3.85827E-09        3.84831E-09       43.7161E-12        33.752E-12
               85.3967E-03         4.52071E-09        4.50628E-09       47.3572E-12        32.9259E-12
               91.9362E-03         5.22449E-09        5.22337E-09       35.8379E-12        34.719E-12
               98.4725E-03         5.98025E-09        5.98049E-09       32.5003E-12        32.7372E-12
              105.003E-03          6.79725E-09        6.79808E-09       33.2951E-12        34.1193E-12
              111.527E-03          7.67042E-09        7.66121E-09       43.1189E-12        33.9156E-12
              118.048E-03          8.58693E-09        8.57221E-09       47.6111E-12        32.8895E-12
              124.565E-03          9.54345E-09        9.54209E-09       36.1538E-12        34.7907E-12
              131.08E-03          10.5503E-09        10.5507E-09        32.5007E-12        32.8195E-12
              137.589E-03         11.6172E-09        11.6181E-09        33.1623E-12        34.0945E-12
              144.092E-03         12.7393E-09        12.7306E-09        42.7126E-12        34.0382E-12
              150.59E-03          13.9039E-09        13.8891E-09        47.7348E-12        32.8829E-12
              157.087E-03         15.1073E-09        15.1058E-09        36.3316E-12        34.8524E-12
              163.58E-03          16.3597E-09        16.3601E-09        32.5007E-12        32.8832E-12
              170.068E-03         17.6708E-09        17.6719E-09        33.0906E-12        34.1038E-12
              176.549E-03         19.0363E-09        19.0279E-09        42.5008E-12        34.1208E-12
              183.026E-03         20.4432E-09        20.4283E-09        47.7546E-12        32.901E-12
              189.501E-03         21.8878E-09        21.8863E-09        36.3623E-12        34.9106E-12
              195.973E-03         23.3802E-09        23.3806E-09        32.5002E-12        32.9232E-12
              202.439E-03         24.9302E-09        24.9313E-09        33.0686E-12        34.1498E-12
              208.899E-03         26.5334E-09        26.5251E-09        42.482E-12         34.1639E-12
              215.355E-03         28.1769E-09        28.1622E-09        47.6819E-12        32.9419E-12
              221.808E-03         29.8572E-09        29.8559E-09        36.246E-12         34.9676E-12
              228.259E-03         31.5843E-09        31.5847E-09        32.5E-12           32.938E-12
              234.704E-03         33.368E-09         33.3691E-09        33.0929E-12        34.2331E-12
              241.142E-03         35.2036E-09        35.1951E-09        42.6521E-12        34.1665E-12
              247.577E-03         37.0782E-09        37.0637E-09        47.514E-12         33.0072E-12
              254.009E-03         38.9887E-09        38.9877E-09        35.9914E-12        35.0208E-12
              260.438E-03         40.9454E-09        40.9458E-09        32.5015E-12        32.9302E-12
              266.862E-03         42.9576E-09        42.9588E-09        33.1675E-12        34.3531E-12
              273.279E-03         45.0203E-09        45.0115E-09        43.0044E-12        34.127E-12
              279.693E-03         47.1208E-09        47.1067E-09        47.2343E-12        33.1019E-12
              286.104E-03         49.2563E-09        49.2558E-09        35.6157E-12        35.0637E-12
              292.512E-03         51.4375E-09        51.4379E-09        32.5061E-12        32.906E-12
              298.915E-03         53.6733E-09        53.6745E-09        33.3039E-12        34.5065E-12
              305.311E-03         55.9581E-09        55.9486E-09        43.5275E-12        34.0433E-12
              311.703E-03         58.2791E-09        58.2655E-09        46.8159E-12        33.2335E-12
              318.094E-03         60.6345E-09        60.6345E-09        35.1449E-12        35.0852E-12
              324.481E-03         63.0354E-09        63.0357E-09        32.5139E-12        32.8763E-12
              330.862E-03         65.4899E-09        65.4911E-09        33.5225E-12        34.687E-12
              337.237E-03         67.9917E-09        67.9814E-09        44.202E-12         33.9147E-12
              343.609E-03         70.5283E-09        70.5155E-09        46.2248E-12        33.4107E-12
              349.978E-03         73.0987E-09        73.0992E-09        34.6137E-12        35.0707E-12
              356.344E-03         75.7144E-09        75.7148E-09        32.523E-12         32.8572E-12
              362.705E-03         78.383E-09         78.384E-09         33.8527E-12        34.8826E-12
              369.059E-03         81.0968E-09        81.0856E-09        44.9949E-12        33.7445E-12
              375.41E-03          83.844E-09         83.8322E-09        45.4262E-12        33.641E-12
              381.758E-03         86.6247E-09        86.6257E-09        34.0646E-12        35.0036E-12
              388.104E-03         89.4508E-09        89.4511E-09        32.5292E-12        32.8697E-12
              394.443E-03         92.3286E-09        92.3294E-09        34.3335E-12        35.0748E-12
              400.776E-03         95.2498E-09        95.2375E-09        45.8545E-12        33.5426E-12
              407.106E-03         98.2028E-09        98.1924E-09        44.3924E-12        33.9274E-12
              413.435E-03        101.189E-09        101.191E-09         33.5449E-12        34.8681E-12
              419.759E-03        104.221E-09        104.222E-09         32.5271E-12        32.9385E-12
              426.077E-03        107.304E-09        107.304E-09         35.0119E-12        35.2374E-12
              432.39E-03         110.428E-09        110.414E-09         46.705E-12         33.3284E-12
              438.7E-03          113.582E-09        113.573E-09         43.1126E-12        34.2642E-12
              445.007E-03        116.769E-09        116.771E-09         33.1013E-12        34.6532E-12
              451.311E-03        120.003E-09        120.004E-09         32.5149E-12        33.089E-12
              457.609E-03        123.286E-09        123.285E-09         35.9373E-12        35.3377E-12
              463.901E-03        126.608E-09        126.593E-09         47.4434E-12        33.1326E-12
              470.19E-03         129.958E-09        129.951E-09         41.6034E-12        34.6327E-12
              476.478E-03        133.343E-09        133.345E-09         32.7715E-12        34.3588E-12
              482.761E-03        136.774E-09        136.775E-09         32.501E-12         33.3418E-12
              489.037E-03        140.253E-09        140.251E-09         37.1518E-12        35.3397E-12
              495.309E-03        143.768E-09        143.753E-09         47.9426E-12        32.997E-12
              501.578E-03        147.311E-09        147.306E-09         39.9183E-12        34.9978E-12
              507.845E-03        150.889E-09        150.89E-09          32.5744E-12        34.0021E-12
              514.108E-03        154.513E-09        154.514E-09         32.514E-12         33.7042E-12
              520.364E-03        158.183E-09        158.18E-09          38.6742E-12        35.2118E-12
              526.615E-03        161.887E-09        161.872E-09         48.0614E-12        32.9698E-12
              532.864E-03        165.619E-09        165.616E-09         38.1517E-12        35.3079E-12
              539.111E-03        169.386E-09        169.387E-09         32.5023E-12        33.6225E-12
              545.353E-03        173.199E-09        173.201E-09         32.6133E-12        34.162E-12
              551.589E-03        177.056E-09        177.051E-09         40.479E-12         34.9373E-12
              557.82E-03         180.945E-09        180.93E-09          47.6653E-12        33.0967E-12
              564.049E-03        184.861E-09        184.86E-09          36.433E-12         35.5001E-12
              570.276E-03        188.813E-09        188.814E-09         32.5177E-12        33.2832E-12
              576.497E-03        192.812E-09        192.813E-09         32.8952E-12        34.6707E-12
              582.712E-03        196.852E-09        196.844E-09         42.4743E-12        34.5272E-12
              588.924E-03        200.921E-09        200.907E-09         46.6574E-12        33.4057E-12
              595.133E-03        205.017E-09        205.017E-09         34.9099E-12        35.5119E-12
              601.34E-03         209.151E-09        209.151E-09         32.5617E-12        33.0646E-12
              607.541E-03        213.331E-09        213.332E-09         33.489E-12         35.1541E-12
              613.736E-03        217.549E-09        217.539E-09         44.4852E-12        34.0313E-12
              619.927E-03        221.795E-09        221.784E-09         45.0146E-12        33.8905E-12
              626.117E-03        226.068E-09        226.069E-09         33.7167E-12        35.3016E-12
              632.303E-03        230.38E-09         230.381E-09         32.5758E-12        33.0485E-12
              638.484E-03        234.737E-09        234.738E-09         34.5355E-12        35.5117E-12
              644.659E-03        239.13E-09         239.117E-09         46.2534E-12        33.5416E-12
              650.831E-03        243.548E-09        243.54E-09          42.8204E-12        34.4948E-12
              657.001E-03        247.995E-09        247.997E-09         32.9364E-12        34.8708E-12
              663.167E-03        252.482E-09        252.482E-09         32.5375E-12        33.2918E-12
              669.328E-03        257.012E-09        257.012E-09         36.1447E-12        35.6403E-12
              675.483E-03        261.575E-09        261.561E-09         47.4636E-12        33.1816E-12
              681.636E-03        266.162E-09        266.157E-09         40.2791E-12        35.1081E-12
              687.786E-03        270.779E-09        270.781E-09         32.5661E-12        34.2847E-12
              693.932E-03        275.437E-09        275.439E-09         32.5001E-12        33.7962E-12
              700.073E-03        280.137E-09        280.134E-09         38.3353E-12        35.4678E-12
              706.208E-03        284.866E-09        284.851E-09         47.804E-12         33.0788E-12
              712.341E-03        289.618E-09        289.616E-09         37.697E-12         35.5795E-12
              718.472E-03        294.403E-09        294.404E-09         32.5049E-12        33.6774E-12
              724.599E-03        299.229E-09        299.231E-09         32.6194E-12        34.4827E-12
              730.719E-03        304.094E-09        304.088E-09         40.9708E-12        34.9931E-12
              736.835E-03        308.985E-09        308.971E-09         47.0555E-12        33.3189E-12
              742.949E-03        313.9E-09          313.9E-09           35.4216E-12        35.7563E-12
              749.061E-03        318.848E-09        318.849E-09         32.5799E-12        33.2305E-12
              755.167E-03        323.839E-09        323.841E-09         33.1443E-12        35.1886E-12
              761.268E-03        328.865E-09        328.855E-09         43.7206E-12        34.3152E-12
              767.365E-03        333.915E-09        333.903E-09         45.1878E-12        33.8976E-12
              773.46E-03         338.989E-09        338.991E-09         33.7454E-12        35.5417E-12
              779.552E-03        344.099E-09        344.099E-09         32.6187E-12        33.1219E-12
              785.638E-03        349.25E-09         349.251E-09         34.3522E-12        35.6983E-12
              791.719E-03        354.433E-09        354.421E-09         46.078E-12         33.6326E-12
              797.797E-03        359.638E-09        359.63E-09          42.4271E-12        34.6872E-12
              803.873E-03        364.869E-09        364.871E-09         32.8023E-12        34.9548E-12
              809.946E-03        370.137E-09        370.138E-09         32.5523E-12        33.4519E-12
              816.012E-03        375.445E-09        375.445E-09         36.4267E-12        35.8129E-12
              822.074E-03        380.782E-09        380.767E-09         47.4613E-12        33.1966E-12
              828.133E-03        386.139E-09        386.135E-09         39.2479E-12        35.4459E-12
              834.19E-03         391.524E-09        391.526E-09         32.5048E-12        34.1641E-12
              840.243E-03        396.948E-09        396.949E-09         32.5059E-12        34.1722E-12
              846.29E-03         402.409E-09        402.405E-09         39.311E-12         35.4417E-12
              852.333E-03        407.895E-09        407.88E-09          47.3923E-12        33.2203E-12
              858.373E-03        413.401E-09        413.401E-09         36.2639E-12        35.886E-12
              864.411E-03        418.938E-09        418.939E-09         32.5705E-12        33.4622E-12
              870.445E-03        424.514E-09        424.516E-09         32.8177E-12        35.0598E-12
              876.472E-03        430.124E-09        430.116E-09         42.6002E-12        34.6797E-12
              882.496E-03        435.756E-09        435.744E-09         45.7031E-12        33.7679E-12
              888.518E-03        441.409E-09        441.411E-09         34.0283E-12        35.793E-12
              894.537E-03        447.096E-09        447.096E-09         32.6598E-12        33.1674E-12
              900.551E-03        452.82E-09         452.822E-09         33.9339E-12        35.7677E-12
              906.559E-03        458.576E-09        458.564E-09         45.555E-12         33.8177E-12
              912.565E-03        464.351E-09        464.343E-09         42.6814E-12        34.6782E-12
              918.568E-03        470.149E-09        470.151E-09         32.8161E-12        35.1518E-12
              924.568E-03        475.982E-09        475.982E-09         32.5873E-12        33.4744E-12
              930.563E-03        481.852E-09        481.852E-09         36.1783E-12        35.9622E-12
              936.552E-03        487.748E-09        487.734E-09         47.2903E-12        33.254E-12
              942.539E-03        493.663E-09        493.66E-09          39.0513E-12        35.5823E-12
              948.482E-03        499.562E-09        499.564E-09         32.5001E-12        34.2551E-12
              954.382E-03        505.458E-09        505.459E-09         32.5E-12           34.2413E-12
              960.237E-03        511.348E-09        511.345E-09         38.8743E-12        35.567E-12
              966.049E-03        517.221E-09        517.206E-09         47.5359E-12        33.3143E-12
              971.817E-03        523.068E-09        523.067E-09         37.077E-12         35.7963E-12
              977.541E-03        528.898E-09        528.899E-09         32.54E-12          33.924E-12
              983.222E-03        534.72E-09         534.722E-09         32.5155E-12        34.5182E-12
              988.858E-03        540.534E-09        540.53E-09          39.427E-12         35.3937E-12
              994.451E-03        546.325E-09        546.311E-09         47.6515E-12        33.4139E-12
                1.               552.088E-09        552.086E-09         37.4956E-12        35.6502E-12
