
                             _U:U1 PI: PART-3-  _U:U2 PI: PART-3-  _U:U3 PI: PART-3-
                  X                1 N: 1             1 N: 1             1 N: 1     

                0.                 0.                 0.                 0.         
                6.60909E-03        0.                27.7582E-06         0.         
               13.1797E-03       -30.9017E-06       158.522E-06        -30.9017E-06 
               16.4427E-03       -54.4008E-06       259.798E-06        -54.4008E-06 
               22.9319E-03      -109.06E-06         520.296E-06       -109.06E-06   
               26.1469E-03      -155.31E-06         637.327E-06       -155.31E-06   
               32.519E-03       -221.062E-06        823.81E-06        -221.062E-06  
               35.6797E-03      -228.012E-06        895.089E-06       -228.012E-06  
               41.9735E-03      -216.198E-06        971.135E-06       -216.198E-06  
               45.105E-03       -198.185E-06        988.126E-06       -198.185E-06  
               51.7805E-03      -171.085E-06          1.0487E-03      -171.085E-06  
               55.3243E-03      -188.916E-06          1.1128E-03      -188.916E-06  
               62.3847E-03      -305.423E-06          1.31177E-03     -305.423E-06  
               65.8969E-03      -340.647E-06          1.4576E-03      -340.648E-06  
               72.8451E-03      -401.344E-06          1.76551E-03     -401.344E-06  
               76.2883E-03      -428.081E-06          1.89842E-03     -428.081E-06  
               83.0865E-03      -426.87E-06           2.08889E-03     -426.87E-06   
               86.471E-03       -435.78E-06           2.14724E-03     -435.78E-06   
               93.1997E-03      -426.82E-06           2.2659E-03      -426.821E-06  
               96.5448E-03      -412.995E-06          2.33303E-03     -412.995E-06  
              100.E-03          -415.293E-06          2.40654E-03     -415.294E-06  




