
                             _U:U1 PI: PART-3-  _U:U2 PI: PART-3-  _U:U3 PI: PART-3-
                  X               1 N: 1_1           1 N: 1_1           1 N: 1_1    

                0.                 0.                 0.                 0.         
              200.454E-06         -1.64343E-06        3.2885E-06        -1.64343E-06
              400.426E-06         -6.49845E-06       13.0224E-06        -6.49844E-06
              600.392E-06        -14.3931E-06        28.9054E-06       -14.3931E-06 
              800.341E-06        -25.0615E-06        50.4602E-06       -25.0615E-06 
                1.00052E-03      -38.1877E-06        77.0858E-06       -38.1877E-06 
                1.20044E-03      -53.3672E-06       107.951E-06        -53.3672E-06 
                1.40065E-03      -70.2607E-06       142.284E-06        -70.2606E-06 
                1.60041E-03      -88.4337E-06       179.05E-06         -88.4336E-06 
                1.80039E-03     -107.601E-06        217.457E-06       -107.601E-06  
                2.00063E-03     -127.458E-06        256.649E-06       -127.458E-06  
                2.20059E-03     -147.671E-06        295.729E-06       -147.671E-06  
                2.40046E-03     -168.E-06           334.055E-06       -168.E-06     
                2.60046E-03     -188.234E-06        371.134E-06       -188.234E-06  
                2.80019E-03     -208.114E-06        406.509E-06       -208.114E-06  
                3.00059E-03     -227.525E-06        440.117E-06       -227.524E-06  
                3.2006E-03      -246.18E-06         471.708E-06       -246.18E-06   
                3.40045E-03     -263.948E-06        501.403E-06       -263.948E-06  
                3.60028E-03     -280.725E-06        529.422E-06       -280.725E-06  
                3.80025E-03     -296.454E-06        556.079E-06       -296.454E-06  
                4.00025E-03     -311.113E-06        581.72E-06        -311.113E-06  
                4.2004E-03      -324.748E-06        606.746E-06       -324.748E-06  
                4.40034E-03     -337.433E-06        631.506E-06       -337.433E-06  
                4.60054E-03     -349.334E-06        656.414E-06       -349.334E-06  
                4.80042E-03     -360.585E-06        681.702E-06       -360.585E-06  
                5.0001E-03      -371.368E-06        707.6E-06         -371.368E-06  
                5.20031E-03     -381.884E-06        734.334E-06       -381.884E-06  
                5.40049E-03     -392.236E-06        761.854E-06       -392.237E-06  
                5.6E-03         -402.474E-06        789.979E-06       -402.474E-06  
                5.8001E-03      -412.695E-06        818.718E-06       -412.695E-06  
                6.00005E-03     -422.831E-06        847.701E-06       -422.83E-06   
                6.2006E-03      -432.829E-06        876.703E-06       -432.829E-06  
                6.4006E-03      -442.488E-06        905.168E-06       -442.488E-06  
                6.60018E-03     -451.63E-06         932.71E-06        -451.629E-06  
                6.80015E-03     -460.07E-06         959.02E-06        -460.07E-06   
                7.00002E-03     -467.545E-06        983.629E-06       -467.544E-06  
                7.20062E-03     -473.827E-06          1.00626E-03     -473.826E-06  
                7.40016E-03     -478.615E-06          1.02639E-03     -478.614E-06  
                7.60005E-03     -481.723E-06          1.04392E-03     -481.722E-06  
                7.8003E-03      -482.944E-06          1.05867E-03     -482.943E-06  
                8.00019E-03     -482.121E-06          1.07048E-03     -482.119E-06  
                8.20031E-03     -479.158E-06          1.07934E-03     -479.156E-06  
                8.40002E-03     -474.041E-06          1.08529E-03     -474.039E-06  
                8.60008E-03     -466.801E-06          1.08843E-03     -466.8E-06    
                8.80051E-03     -457.554E-06          1.08892E-03     -457.552E-06  
                9.00022E-03     -446.568E-06          1.08696E-03     -446.566E-06  
                9.20036E-03     -434.05E-06           1.08276E-03     -434.048E-06  
                9.40051E-03     -420.369E-06          1.07655E-03     -420.368E-06  
                9.6003E-03      -405.953E-06          1.0686E-03      -405.951E-06  
                9.80009E-03     -391.163E-06          1.05912E-03     -391.162E-06  
               10.0003E-03      -376.384E-06          1.04828E-03     -376.382E-06  
               10.2003E-03      -362.051E-06          1.03629E-03     -362.049E-06  
               10.4002E-03      -348.508E-06          1.02326E-03     -348.507E-06  
               10.6E-03         -336.04E-06           1.00928E-03     -336.038E-06  
               10.8005E-03      -324.824E-06        994.36E-06        -324.822E-06  
               11.0003E-03      -315.069E-06        978.605E-06       -315.068E-06  
               11.2004E-03      -306.761E-06        961.92E-06        -306.76E-06   
               11.4003E-03      -299.878E-06        944.316E-06       -299.877E-06  
               11.6006E-03      -294.262E-06        925.677E-06       -294.261E-06  
               11.8E-03         -289.737E-06        906.063E-06       -289.736E-06  
               12.0006E-03      -285.989E-06        885.242E-06       -285.988E-06  
               12.2001E-03      -282.745E-06        863.395E-06       -282.744E-06  
               12.4005E-03      -279.633E-06        840.303E-06       -279.633E-06  
               12.6001E-03      -276.348E-06        816.202E-06       -276.347E-06  
               12.8002E-03      -272.552E-06        790.994E-06       -272.551E-06  
               13.0006E-03      -267.97E-06         764.766E-06       -267.97E-06   
               13.2004E-03      -262.428E-06        737.816E-06       -262.427E-06  
               13.4001E-03      -255.787E-06        710.231E-06       -255.786E-06  
               13.6002E-03      -248.012E-06        682.209E-06       -248.012E-06  
               13.8003E-03      -239.165E-06        653.977E-06       -239.164E-06  
               14.0001E-03      -229.432E-06        625.864E-06       -229.431E-06  
               14.2002E-03      -219.025E-06        598.028E-06       -219.024E-06  
               14.4001E-03      -208.291E-06        570.795E-06       -208.291E-06  
               14.6004E-03      -197.562E-06        544.303E-06       -197.561E-06  
               14.8005E-03      -187.263E-06        518.832E-06       -187.262E-06  
               15.0006E-03      -177.789E-06        494.539E-06       -177.788E-06  
               15.2006E-03      -169.505E-06        471.542E-06       -169.504E-06  
               15.4005E-03      -162.73E-06         449.924E-06       -162.729E-06  
               15.6005E-03      -157.705E-06        429.702E-06       -157.704E-06  
               15.8002E-03      -154.596E-06        410.891E-06       -154.595E-06  
               16.0006E-03      -153.463E-06        393.408E-06       -153.462E-06  
               16.2003E-03      -154.277E-06        377.321E-06       -154.276E-06  
               16.4E-03         -156.892E-06        362.512E-06       -156.891E-06  
               16.6004E-03      -161.098E-06        348.886E-06       -161.096E-06  
               16.8001E-03      -166.563E-06        336.491E-06       -166.561E-06  
               17.0005E-03      -172.962E-06        325.23E-06        -172.96E-06   
               17.2002E-03      -179.858E-06        315.194E-06       -179.856E-06  
               17.4005E-03      -186.893E-06        306.376E-06       -186.891E-06  
               17.6003E-03      -193.636E-06        298.935E-06       -193.633E-06  
               17.8006E-03      -199.786E-06        292.971E-06       -199.783E-06  
               18.0003E-03      -205.027E-06        288.709E-06       -205.024E-06  
               18.2001E-03      -209.188E-06        286.348E-06       -209.185E-06  
               18.4004E-03      -212.183E-06        286.137E-06       -212.18E-06   
               18.6002E-03      -214.006E-06        288.332E-06       -214.003E-06  
               18.8005E-03      -214.789E-06        293.197E-06       -214.786E-06  
               19.0002E-03      -214.749E-06        300.93E-06        -214.746E-06  
               19.2006E-03      -214.197E-06        311.768E-06       -214.194E-06  
               19.4003E-03      -213.517E-06        325.776E-06       -213.514E-06  
               19.6E-03         -213.133E-06        343.049E-06       -213.13E-06   
               19.8004E-03      -213.493E-06        363.648E-06       -213.49E-06   
               20.0001E-03      -215.035E-06        387.348E-06       -215.033E-06  
               20.2005E-03      -218.175E-06        414.126E-06       -218.173E-06  
               20.4002E-03      -223.239E-06        443.559E-06       -223.237E-06  
               20.6006E-03      -230.525E-06        475.512E-06       -230.524E-06  
               20.8003E-03      -240.157E-06        509.404E-06       -240.156E-06  
               21.E-03          -252.221E-06        544.914E-06       -252.22E-06   
               21.2004E-03      -266.724E-06        581.716E-06       -266.724E-06  
               21.4001E-03      -283.425E-06        619.117E-06       -283.425E-06  
               21.6005E-03      -302.185E-06        656.908E-06       -302.185E-06  
               21.8002E-03      -322.557E-06        694.417E-06       -322.557E-06  
               22.0005E-03      -344.275E-06        731.495E-06       -344.275E-06  
               22.2003E-03      -366.76E-06         767.55E-06        -366.76E-06   
               22.4006E-03      -389.693E-06        802.518E-06       -389.693E-06  
               22.6003E-03      -412.46E-06         835.929E-06       -412.46E-06   
               22.8001E-03      -434.693E-06        867.709E-06       -434.692E-06  
               23.0004E-03      -456.052E-06        897.81E-06        -456.051E-06  
               23.2001E-03      -476.047E-06        925.94E-06        -476.046E-06  
               23.4005E-03      -494.518E-06        952.215E-06       -494.516E-06  
               23.6002E-03      -511.13E-06         976.423E-06       -511.128E-06  
               23.8006E-03      -525.85E-06         998.688E-06       -525.848E-06  
               24.0003E-03      -538.514E-06          1.01883E-03     -538.511E-06  
               24.2E-03         -549.17E-06           1.03688E-03     -549.167E-06  
               24.4004E-03      -557.897E-06          1.05282E-03     -557.894E-06  
               24.6001E-03      -564.738E-06          1.06644E-03     -564.735E-06  
               24.8005E-03      -569.867E-06          1.0777E-03      -569.863E-06  
               25.0002E-03      -573.395E-06          1.08637E-03     -573.39E-06   
               25.2006E-03      -575.49E-06           1.09232E-03     -575.486E-06  
               25.4003E-03      -576.273E-06          1.09529E-03     -576.268E-06  
               25.6006E-03      -575.856E-06          1.09509E-03     -575.851E-06  
               25.8004E-03      -574.316E-06          1.09151E-03     -574.31E-06   
               26.0001E-03      -571.685E-06          1.08438E-03     -571.68E-06   
               26.2004E-03      -567.945E-06          1.0735E-03      -567.939E-06  
               26.4002E-03      -563.069E-06          1.05886E-03     -563.063E-06  
               26.6005E-03      -556.945E-06          1.04034E-03     -556.939E-06  
               26.8002E-03      -549.503E-06          1.01812E-03     -549.497E-06  
               27.0006E-03      -540.573E-06        992.209E-06       -540.567E-06  
               27.2003E-03      -530.092E-06        963.033E-06       -530.086E-06  
               27.4E-03         -517.928E-06        930.854E-06       -517.922E-06  
               27.6004E-03      -503.96E-06         895.984E-06       -503.954E-06  
               27.8001E-03      -488.248E-06        859.152E-06       -488.242E-06  
               28.0005E-03      -470.718E-06        820.678E-06       -470.712E-06  
               28.2002E-03      -451.571E-06        781.404E-06       -451.565E-06  
               28.4006E-03      -430.84E-06         741.682E-06       -430.833E-06  
               28.6003E-03      -408.875E-06        702.359E-06       -408.868E-06  
               28.8E-03         -385.884E-06        663.866E-06       -385.878E-06  
               29.0004E-03      -362.108E-06        626.591E-06       -362.102E-06  
               29.2001E-03      -338.049E-06        591.214E-06       -338.042E-06  
               29.4005E-03      -313.918E-06        557.873E-06       -313.911E-06  
               29.6002E-03      -290.234E-06        527.064E-06       -290.227E-06  
               29.8005E-03      -267.194E-06        498.785E-06       -267.187E-06  
               30.0003E-03      -245.267E-06        473.334E-06       -245.26E-06   
               30.2006E-03      -224.591E-06        450.586E-06       -224.584E-06  
               30.4003E-03      -205.531E-06        430.66E-06        -205.524E-06  
               30.6001E-03      -188.196E-06        413.398E-06       -188.189E-06  
               30.8004E-03      -172.661E-06        398.635E-06       -172.655E-06  
               31.0001E-03      -159.096E-06        386.321E-06       -159.089E-06  
               31.2005E-03      -147.427E-06        376.22E-06        -147.421E-06  
               31.4E-03         -137.728E-06        368.271E-06       -137.722E-06  
               31.6003E-03      -129.823E-06        362.26E-06        -129.817E-06  
               31.8006E-03      -123.642E-06        358.123E-06       -123.636E-06  
               32.0002E-03      -119.062E-06        355.81E-06        -119.056E-06  
               32.2001E-03      -115.905E-06        355.297E-06       -115.9E-06    
               32.4006E-03      -114.027E-06        356.648E-06       -114.021E-06  
               32.6004E-03      -113.296E-06        359.937E-06       -113.291E-06  
               32.8001E-03      -113.565E-06        365.281E-06       -113.56E-06   
               33.0006E-03      -114.714E-06        372.823E-06       -114.71E-06   
               33.2002E-03      -116.646E-06        382.67E-06        -116.641E-06  
               33.4001E-03      -119.298E-06        394.973E-06       -119.294E-06  
               33.6003E-03      -122.641E-06        409.834E-06       -122.637E-06  
               33.8003E-03      -126.672E-06        427.308E-06       -126.669E-06  
               34.0003E-03      -131.399E-06        447.323E-06       -131.395E-06  
               34.2004E-03      -136.856E-06        469.779E-06       -136.853E-06  
               34.4004E-03      -143.091E-06        494.501E-06       -143.088E-06  
               34.6004E-03      -150.155E-06        521.239E-06       -150.152E-06  
               34.8004E-03      -158.092E-06        549.67E-06        -158.089E-06  
               35.0005E-03      -166.936E-06        579.402E-06       -166.933E-06  
               35.2005E-03      -176.702E-06        609.992E-06       -176.699E-06  
               35.4005E-03      -187.383E-06        640.953E-06       -187.381E-06  
               35.6005E-03      -198.948E-06        671.775E-06       -198.946E-06  
               35.8004E-03      -211.299E-06        701.844E-06       -211.297E-06  
               36.0003E-03      -224.347E-06        730.67E-06        -224.344E-06  
               36.2002E-03      -238.028E-06        757.887E-06       -238.025E-06  
               36.4005E-03      -252.17E-06         782.998E-06       -252.167E-06  
               36.6003E-03      -266.627E-06        805.676E-06       -266.624E-06  
               36.8001E-03      -281.303E-06        825.765E-06       -281.3E-06    
               37.E-03          -296.012E-06        843.066E-06       -296.009E-06  
               37.2003E-03      -310.644E-06        857.587E-06       -310.64E-06   
               37.4006E-03      -325.055E-06        869.382E-06       -325.051E-06  
               37.6003E-03      -339.086E-06        878.598E-06       -339.081E-06  
               37.8006E-03      -352.728E-06        885.55E-06        -352.722E-06  
               38.0002E-03      -365.813E-06        890.522E-06       -365.807E-06  
               38.2005E-03      -378.364E-06        893.93E-06        -378.357E-06  
               38.4002E-03      -390.257E-06        896.167E-06       -390.251E-06  
               38.6005E-03      -401.545E-06        897.674E-06       -401.538E-06  
               38.8001E-03      -412.142E-06        898.857E-06       -412.135E-06  
               39.0004E-03      -422.12E-06         900.107E-06       -422.113E-06  
               39.2E-03         -431.425E-06        901.741E-06       -431.418E-06  
               39.4003E-03      -440.132E-06        904.028E-06       -440.125E-06  
               39.6006E-03      -448.226E-06        907.134E-06       -448.221E-06  
               39.8003E-03      -455.701E-06        911.124E-06       -455.695E-06  
               40.0006E-03      -462.613E-06        916.002E-06       -462.608E-06  
               40.2002E-03      -468.921E-06        921.625E-06       -468.917E-06  
               40.4005E-03      -474.659E-06        927.829E-06       -474.656E-06  
               40.6003E-03      -479.785E-06        934.322E-06       -479.782E-06  
               40.8001E-03      -484.292E-06        940.805E-06       -484.289E-06  
               41.0005E-03      -488.14E-06         946.922E-06       -488.138E-06  
               41.2006E-03      -491.268E-06        952.274E-06       -491.266E-06  
               41.4003E-03      -493.629E-06        956.508E-06       -493.627E-06  
               41.6006E-03      -495.197E-06        959.354E-06       -495.196E-06  
               41.8002E-03      -495.915E-06        960.535E-06       -495.914E-06  
               42.0005E-03      -495.742E-06        959.872E-06       -495.74E-06   
               42.2002E-03      -494.637E-06        957.257E-06       -494.634E-06  
               42.4005E-03      -492.558E-06        952.646E-06       -492.556E-06  
               42.6001E-03      -489.493E-06        946.122E-06       -489.49E-06   
               42.8004E-03      -485.401E-06        937.773E-06       -485.397E-06  
               43.E-03          -480.298E-06        927.849E-06       -480.293E-06  
               43.2003E-03      -474.152E-06        916.534E-06       -474.146E-06  
               43.4006E-03      -466.99E-06         904.14E-06        -466.983E-06  
               43.6003E-03      -458.865E-06        891.008E-06       -458.858E-06  
               43.8006E-03      -449.763E-06        877.337E-06       -449.755E-06  
               44.0002E-03      -439.796E-06        863.472E-06       -439.788E-06  
               44.2005E-03      -428.969E-06        849.527E-06       -428.96E-06   
               44.4002E-03      -417.433E-06        835.728E-06       -417.423E-06  
               44.6005E-03      -405.209E-06        822.041E-06       -405.199E-06  
               44.8001E-03      -392.482E-06        808.523E-06       -392.472E-06  
               45.0004E-03      -379.282E-06        794.962E-06       -379.271E-06  
               45.2E-03         -365.81E-06         781.245E-06       -365.8E-06    
               45.4003E-03      -352.098E-06        767.007E-06       -352.088E-06  
               45.6006E-03      -338.306E-06        751.966E-06       -338.295E-06  
               45.8003E-03      -324.587E-06        735.822E-06       -324.577E-06  
               46.0006E-03      -310.957E-06        718.115E-06       -310.948E-06  
               46.2002E-03      -297.598E-06        698.634E-06       -297.589E-06  
               46.4005E-03      -284.506E-06        676.979E-06       -284.498E-06  
               46.6002E-03      -271.836E-06        653.096E-06       -271.829E-06  
               46.8004E-03      -259.565E-06        626.741E-06       -259.558E-06  
               47.0001E-03      -247.819E-06        598.11E-06        -247.813E-06  
               47.2004E-03      -236.557E-06        567.174E-06       -236.551E-06  
               47.4E-03         -225.877E-06        534.423E-06       -225.871E-06  
               47.6003E-03      -215.726E-06        500.068E-06       -215.722E-06  
               47.8006E-03      -206.155E-06        464.762E-06       -206.151E-06  
               48.0003E-03      -197.202E-06        429.277E-06       -197.199E-06  
               48.2006E-03      -188.828E-06        394.13E-06        -188.825E-06  
               48.4002E-03      -181.113E-06        360.351E-06       -181.111E-06  
               48.6005E-03      -174.049E-06        328.553E-06       -174.047E-06  
               48.8001E-03      -167.745E-06        299.768E-06       -167.743E-06  
               49.0004E-03      -162.244E-06        274.587E-06       -162.243E-06  
               49.2001E-03      -157.689E-06        253.872E-06       -157.688E-06  
               49.4004E-03      -154.177E-06        238.072E-06       -154.176E-06  
               49.6E-03         -151.868E-06        227.724E-06       -151.868E-06  
               49.8003E-03      -150.891E-06        223.038E-06       -150.891E-06  
               50.0006E-03      -151.388E-06        224.156E-06       -151.389E-06  
               50.2003E-03      -153.465E-06        230.97E-06        -153.465E-06  
               50.4006E-03      -157.217E-06        243.281E-06       -157.218E-06  
               50.6002E-03      -162.666E-06        260.62E-06        -162.667E-06  
               50.8005E-03      -169.847E-06        282.588E-06       -169.847E-06  
               51.0001E-03      -178.668E-06        308.442E-06       -178.669E-06  
               51.2004E-03      -189.097E-06        337.692E-06       -189.098E-06  
               51.4001E-03      -200.934E-06        369.47E-06        -200.935E-06  
               51.6004E-03      -214.087E-06        403.316E-06       -214.087E-06  
               51.8E-03         -228.271E-06        438.385E-06       -228.271E-06  
               52.0003E-03      -243.353E-06        474.344E-06       -243.352E-06  
               52.2006E-03      -259.044E-06        510.603E-06       -259.042E-06  
               52.4003E-03      -275.034E-06        546.662E-06       -275.031E-06  
               52.6005E-03      -291.166E-06        582.479E-06       -291.162E-06  
               52.8002E-03      -307.076E-06        617.646E-06       -307.071E-06  
               53.0005E-03      -322.618E-06        652.309E-06       -322.612E-06  
               53.2001E-03      -337.459E-06        686.247E-06       -337.451E-06  
               53.4004E-03      -351.488E-06        719.747E-06       -351.479E-06  
               53.6001E-03      -364.44E-06         752.706E-06       -364.43E-06   
               53.8004E-03      -376.267E-06        785.471E-06       -376.255E-06  
               54.E-03          -386.802E-06        817.963E-06       -386.79E-06   
               54.2003E-03      -396.072E-06        850.495E-06       -396.059E-06  
               54.4006E-03      -404.045E-06        883.015E-06       -404.031E-06  
               54.6002E-03      -410.747E-06        915.399E-06       -410.732E-06  
               54.8005E-03      -416.305E-06        947.755E-06       -416.291E-06  
               55.0002E-03      -420.795E-06        979.678E-06       -420.781E-06  
               55.2005E-03      -424.373E-06          1.01109E-03     -424.36E-06   
               55.4001E-03      -427.152E-06          1.04141E-03     -427.139E-06  
               55.6004E-03      -429.28E-06           1.07039E-03     -429.268E-06  
               55.8001E-03      -430.863E-06          1.09734E-03     -430.853E-06  
               56.0004E-03      -432.011E-06          1.12191E-03     -432.002E-06  
               56.2E-03         -432.789E-06          1.1434E-03      -432.781E-06  
               56.4003E-03      -433.246E-06          1.16145E-03     -433.239E-06  
               56.6006E-03      -433.393E-06          1.17551E-03     -433.388E-06  
               56.8002E-03      -433.213E-06          1.18516E-03     -433.209E-06  
               57.0005E-03      -432.66E-06           1.1902E-03      -432.657E-06  
               57.2002E-03      -431.663E-06          1.19039E-03     -431.661E-06  
               57.4005E-03      -430.123E-06          1.18568E-03     -430.123E-06  
               57.6001E-03      -427.944E-06          1.17618E-03     -427.944E-06  
               57.8004E-03      -424.995E-06          1.16204E-03     -424.995E-06  
               58.0001E-03      -421.185E-06          1.14367E-03     -421.186E-06  
               58.2004E-03      -416.395E-06          1.12142E-03     -416.395E-06  
               58.4006E-03      -410.564E-06          1.09588E-03     -410.564E-06  
               58.6003E-03      -403.686E-06          1.06779E-03     -403.686E-06  
               58.8006E-03      -395.737E-06          1.03767E-03     -395.737E-06  
               59.0002E-03      -386.845E-06          1.00644E-03     -386.844E-06  
               59.2005E-03      -377.092E-06        974.63E-06        -377.09E-06   
               59.4002E-03      -366.746E-06        943.155E-06       -366.743E-06  
               59.6005E-03      -356.E-06           912.463E-06       -355.996E-06  
               59.8001E-03      -345.234E-06        883.322E-06       -345.229E-06  
               60.0004E-03      -334.716E-06        856.01E-06        -334.71E-06   
               60.2001E-03      -324.865E-06        831.049E-06       -324.858E-06  
               60.4003E-03      -315.956E-06        808.491E-06       -315.949E-06  
               60.6006E-03      -308.326E-06        788.502E-06       -308.319E-06  
               60.8003E-03      -302.241E-06        771.083E-06       -302.234E-06  
               61.0006E-03      -297.831E-06        755.954E-06       -297.824E-06  
               61.2002E-03      -295.208E-06        742.945E-06       -295.201E-06  
               61.4005E-03      -294.343E-06        731.627E-06       -294.337E-06  
               61.6002E-03      -295.136E-06        721.679E-06       -295.13E-06   
               61.8005E-03      -297.396E-06        712.619E-06       -297.39E-06   
               62.0001E-03      -300.836E-06        704.092E-06       -300.83E-06   
               62.2004E-03      -305.143E-06        695.659E-06       -305.138E-06  
               62.4E-03         -309.912E-06        687.045E-06       -309.907E-06  
               62.6003E-03      -314.772E-06        677.934E-06       -314.768E-06  
               62.8006E-03      -319.304E-06        668.173E-06       -319.3E-06    
               63.0003E-03      -323.113E-06        657.714E-06       -323.111E-06  
               63.2006E-03      -325.882E-06        646.497E-06       -325.881E-06  
               63.4002E-03      -327.311E-06        634.691E-06       -327.31E-06   
               63.6005E-03      -327.199E-06        622.397E-06       -327.199E-06  
               63.8002E-03      -325.422E-06        609.937E-06       -325.423E-06  
               64.0005E-03      -321.937E-06        597.521E-06       -321.938E-06  
               64.2001E-03      -316.828E-06        585.543E-06       -316.83E-06   
               64.4004E-03      -310.214E-06        574.243E-06       -310.217E-06  
               64.6E-03         -302.373E-06        563.989E-06       -302.375E-06  
               64.8003E-03      -293.557E-06        554.962E-06       -293.56E-06   
               65.0006E-03      -284.147E-06        547.382E-06       -284.15E-06   
               65.2003E-03      -274.56E-06         541.366E-06       -274.563E-06  
               65.4006E-03      -265.127E-06        536.885E-06       -265.13E-06   
               65.6002E-03      -256.281E-06        533.882E-06       -256.284E-06  
               65.8005E-03      -248.301E-06        532.164E-06       -248.303E-06  
               66.0001E-03      -241.512E-06        531.494E-06       -241.513E-06  
               66.2004E-03      -236.067E-06        531.559E-06       -236.067E-06  
               66.4001E-03      -232.113E-06        532.016E-06       -232.112E-06  
               66.6004E-03      -229.646E-06        532.516E-06       -229.643E-06  
               66.8E-03         -228.614E-06        532.723E-06       -228.61E-06   
               67.0003E-03      -228.863E-06        532.35E-06        -228.858E-06  
               67.2006E-03      -230.179E-06        531.173E-06       -230.172E-06  
               67.4003E-03      -232.285E-06        529.066E-06       -232.277E-06  
               67.6006E-03      -234.896E-06        525.98E-06        -234.886E-06  
               67.8002E-03      -237.687E-06        522.01E-06        -237.676E-06  
               68.0005E-03      -240.384E-06        517.311E-06       -240.371E-06  
               68.2001E-03      -242.713E-06        512.195E-06       -242.7E-06    
               68.4004E-03      -244.494E-06        507.003E-06       -244.48E-06   
               68.6001E-03      -245.59E-06         502.209E-06       -245.576E-06  
               68.8004E-03      -245.975E-06        498.273E-06       -245.961E-06  
               69.E-03          -245.703E-06        495.727E-06       -245.689E-06  
               69.2003E-03      -244.924E-06        495.057E-06       -244.911E-06  
               69.4006E-03      -243.876E-06        496.739E-06       -243.864E-06  
               69.6003E-03      -242.875E-06        501.152E-06       -242.865E-06  
               69.8005E-03      -242.282E-06        508.633E-06       -242.274E-06  
               70.0002E-03      -242.496E-06        519.327E-06       -242.49E-06   
               70.2005E-03      -243.922E-06        533.373E-06       -243.918E-06  
               70.4001E-03      -246.929E-06        550.618E-06       -246.927E-06  
               70.6004E-03      -251.869E-06        570.975E-06       -251.869E-06  
               70.8001E-03      -258.968E-06        593.991E-06       -258.97E-06   
               71.0004E-03      -268.435E-06        619.38E-06        -268.44E-06   
               71.2E-03         -280.269E-06        646.457E-06       -280.275E-06  
               71.4003E-03      -294.488E-06        674.805E-06       -294.496E-06  
               71.6006E-03      -310.883E-06        703.715E-06       -310.893E-06  
               71.8002E-03      -329.108E-06        732.464E-06       -329.118E-06  
               72.0005E-03      -348.895E-06        760.634E-06       -348.906E-06  
               72.2002E-03      -369.652E-06        787.499E-06       -369.664E-06  
               72.4005E-03      -390.984E-06        812.761E-06       -390.995E-06  
               72.6001E-03      -412.185E-06        835.886E-06       -412.195E-06  
               72.8004E-03      -432.811E-06        856.76E-06        -432.82E-06   
               73.0001E-03      -452.163E-06        875.101E-06       -452.172E-06  
               73.2004E-03      -469.838E-06        890.997E-06       -469.846E-06  
               73.4E-03         -485.259E-06        904.417E-06       -485.267E-06  
               73.6003E-03      -498.149E-06        915.616E-06       -498.156E-06  
               73.8006E-03      -508.175E-06        924.788E-06       -508.183E-06  
               74.0002E-03      -515.157E-06        932.205E-06       -515.165E-06  
               74.2005E-03      -519.095E-06        938.234E-06       -519.103E-06  
               74.4002E-03      -520.036E-06        943.156E-06       -520.044E-06  
               74.6005E-03      -518.166E-06        947.294E-06       -518.175E-06  
               74.8001E-03      -513.772E-06        950.872E-06       -513.781E-06  
               75.0004E-03      -507.177E-06        954.091E-06       -507.187E-06  
               75.2001E-03      -498.83E-06         957.032E-06       -498.841E-06  
               75.4004E-03      -489.113E-06        959.725E-06       -489.125E-06  
               75.6E-03         -478.53E-06         962.074E-06       -478.542E-06  
               75.8003E-03      -467.43E-06         963.93E-06        -467.443E-06  
               76.0006E-03      -456.222E-06        965.047E-06       -456.235E-06  
               76.2002E-03      -445.25E-06         965.134E-06       -445.263E-06  
               76.4005E-03      -434.67E-06         963.868E-06       -434.683E-06  
               76.6002E-03      -424.686E-06        960.927E-06       -424.698E-06  
               76.8005E-03      -415.274E-06        955.978E-06       -415.285E-06  
               77.0001E-03      -406.447E-06        948.787E-06       -406.456E-06  
               77.2004E-03      -398.017E-06        939.103E-06       -398.023E-06  
               77.4E-03         -389.843E-06        926.872E-06       -389.848E-06  
               77.6003E-03      -381.633E-06        911.993E-06       -381.635E-06  
               77.8006E-03      -373.15E-06         894.586E-06       -373.149E-06  
               78.0003E-03      -364.164E-06        874.907E-06       -364.16E-06   
               78.2006E-03      -354.387E-06        853.118E-06       -354.38E-06   
               78.4002E-03      -343.701E-06        829.735E-06       -343.692E-06  
               78.6005E-03      -331.926E-06        805.057E-06       -331.914E-06  
               78.8002E-03      -319.109E-06        779.74E-06        -319.095E-06  
               79.0005E-03      -305.225E-06        754.149E-06       -305.209E-06  
               79.2001E-03      -290.516E-06        728.979E-06       -290.498E-06  
               79.4004E-03      -275.121E-06        704.578E-06       -275.103E-06  
               79.6E-03         -259.451E-06        681.573E-06       -259.432E-06  
               79.8003E-03      -243.774E-06        660.218E-06       -243.755E-06  
               80.0006E-03      -228.553E-06        640.915E-06       -228.534E-06  
               80.2003E-03      -214.262E-06        623.945E-06       -214.244E-06  
               80.4006E-03      -201.236E-06        609.326E-06       -201.218E-06  
               80.6002E-03      -189.956E-06        597.177E-06       -189.94E-06   
               80.8005E-03      -180.704E-06        587.343E-06       -180.689E-06  
               81.0002E-03      -173.822E-06        579.72E-06        -173.808E-06  
               81.2004E-03      -169.467E-06        574.014E-06       -169.454E-06  
               81.4001E-03      -167.772E-06        569.96E-06        -167.761E-06  
               81.6004E-03      -168.724E-06        567.189E-06       -168.713E-06  
               81.8E-03         -172.207E-06        565.361E-06       -172.198E-06  
               82.0003E-03      -178.038E-06        564.119E-06       -178.03E-06   
               82.2006E-03      -185.91E-06         563.157E-06       -185.903E-06  
               82.4003E-03      -195.411E-06        562.222E-06       -195.404E-06  
               82.6006E-03      -206.152E-06        561.128E-06       -206.146E-06  
               82.8002E-03      -217.576E-06        559.784E-06       -217.571E-06  
               83.0005E-03      -229.256E-06        558.18E-06        -229.252E-06  
               83.2001E-03      -240.628E-06        556.415E-06       -240.624E-06  
               83.4004E-03      -251.313E-06        554.655E-06       -251.311E-06  
               83.6001E-03      -260.859E-06        553.16E-06        -260.857E-06  
               83.8004E-03      -269.025E-06        552.227E-06       -269.024E-06  
               84.E-03          -275.561E-06        552.2E-06         -275.561E-06  
               84.2003E-03      -280.423E-06        553.423E-06       -280.424E-06  
               84.4006E-03      -283.617E-06        556.224E-06       -283.618E-06  
               84.6003E-03      -285.278E-06        560.862E-06       -285.28E-06   
               84.8006E-03      -285.657E-06        567.571E-06       -285.66E-06   
               85.0002E-03      -285.07E-06         576.425E-06       -285.073E-06  
               85.2005E-03      -283.891E-06        587.492E-06       -283.896E-06  
               85.4001E-03      -282.539E-06        600.601E-06       -282.545E-06  
               85.6004E-03      -281.423E-06        615.628E-06       -281.429E-06  
               85.8001E-03      -280.944E-06        632.163E-06       -280.951E-06  
               86.0004E-03      -281.451E-06        649.908E-06       -281.458E-06  
               86.2E-03         -283.219E-06        668.279E-06       -283.226E-06  
               86.4003E-03      -286.455E-06        686.877E-06       -286.463E-06  
               86.6006E-03      -291.257E-06        705.11E-06        -291.264E-06  
               86.8003E-03      -297.595E-06        722.403E-06       -297.602E-06  
               87.0005E-03      -305.405E-06        738.388E-06       -305.411E-06  
               87.2002E-03      -314.433E-06        752.557E-06       -314.438E-06  
               87.4005E-03      -324.452E-06        764.687E-06       -324.457E-06  
               87.6001E-03      -335.045E-06        774.491E-06       -335.048E-06  
               87.8004E-03      -345.881E-06        781.948E-06       -345.883E-06  
               88.0001E-03      -356.469E-06        787.051E-06       -356.47E-06   
               88.2004E-03      -366.458E-06        789.998E-06       -366.458E-06  
               88.4E-03         -375.395E-06        791.051E-06       -375.395E-06  
               88.6003E-03      -383.001E-06        790.597E-06       -383.E-06     
               88.8006E-03      -388.983E-06        789.089E-06       -388.982E-06  
               89.0002E-03      -393.164E-06        787.045E-06       -393.163E-06  
               89.2005E-03      -395.51E-06         784.983E-06       -395.509E-06  
               89.4002E-03      -396.059E-06        783.435E-06       -396.058E-06  
               89.6005E-03      -394.976E-06        782.869E-06       -394.975E-06  
               89.8001E-03      -392.532E-06        783.696E-06       -392.531E-06  
               90.0004E-03      -389.063E-06        786.23E-06        -389.062E-06  
               90.2001E-03      -385.008E-06        790.647E-06       -385.008E-06  
               90.4004E-03      -380.801E-06        797.038E-06       -380.802E-06  
               90.6E-03         -376.942E-06        805.289E-06       -376.942E-06  
               90.8003E-03      -373.86E-06         815.248E-06       -373.861E-06  
               91.0006E-03      -371.983E-06        826.565E-06       -371.985E-06  
               91.2002E-03      -371.65E-06         838.767E-06       -371.652E-06  
               91.4005E-03      -373.104E-06        851.429E-06       -373.107E-06  
               91.6002E-03      -376.47E-06         863.92E-06        -376.474E-06  
               91.8005E-03      -381.784E-06        875.753E-06       -381.789E-06  
               92.0001E-03      -388.902E-06        886.305E-06       -388.908E-06  
               92.2004E-03      -397.637E-06        895.146E-06       -397.644E-06  
               92.4001E-03      -407.593E-06        901.795E-06       -407.6E-06    
               92.6003E-03      -418.395E-06        905.974E-06       -418.404E-06  
               92.8006E-03      -429.502E-06        907.448E-06       -429.512E-06  
               93.0003E-03      -440.322E-06        906.139E-06       -440.333E-06  
               93.2006E-03      -450.351E-06        902.08E-06        -450.363E-06  
               93.4002E-03      -458.965E-06        895.453E-06       -458.978E-06  
               93.6005E-03      -465.706E-06        886.476E-06       -465.72E-06   
               93.8002E-03      -470.093E-06        875.553E-06       -470.108E-06  
               94.0005E-03      -471.816E-06        863.018E-06       -471.83E-06   
               94.2001E-03      -470.643E-06        849.382E-06       -470.658E-06  
               94.4004E-03      -466.481E-06        834.992E-06       -466.495E-06  
               94.6001E-03      -459.406E-06        820.34E-06        -459.419E-06  
               94.8003E-03      -449.555E-06        805.674E-06       -449.567E-06  
               95.0006E-03      -437.253E-06        791.305E-06       -437.264E-06  
               95.2003E-03      -422.962E-06        777.44E-06        -422.971E-06  
               95.4006E-03      -407.078E-06        764.042E-06       -407.085E-06  
               95.6002E-03      -390.246E-06        751.146E-06       -390.25E-06   
               95.8005E-03      -372.918E-06        738.508E-06       -372.92E-06   
               96.0002E-03      -355.759E-06        725.966E-06       -355.76E-06   
               96.2005E-03      -339.174E-06        713.132E-06       -339.172E-06  
               96.4001E-03      -323.713E-06        699.746E-06       -323.71E-06   
               96.6004E-03      -309.631E-06        685.373E-06       -309.627E-06  
               96.8E-03         -297.265E-06        669.793E-06       -297.26E-06   
               97.0003E-03      -286.663E-06        652.647E-06       -286.658E-06  
               97.2006E-03      -277.874E-06        633.819E-06       -277.869E-06  
               97.4003E-03      -270.807E-06        613.326E-06       -270.803E-06  
               97.6006E-03      -265.198E-06        591.115E-06       -265.195E-06  
               97.8002E-03      -260.78E-06         567.539E-06       -260.778E-06  
               98.0005E-03      -257.157E-06        542.799E-06       -257.156E-06  
               98.2002E-03      -253.951E-06        517.537E-06       -253.952E-06  
               98.4005E-03      -250.739E-06        492.19E-06        -250.741E-06  
               98.6001E-03      -247.17E-06         467.611E-06       -247.173E-06  
               98.8004E-03      -242.907E-06        444.397E-06       -242.911E-06  
               99.E-03          -237.752E-06        423.481E-06       -237.757E-06  
               99.2003E-03      -231.553E-06        405.498E-06       -231.558E-06  
               99.4006E-03      -224.326E-06        391.245E-06       -224.331E-06  
               99.6003E-03      -216.223E-06        381.376E-06       -216.227E-06  
               99.8006E-03      -207.432E-06        376.336E-06       -207.435E-06  
              100.E-03          -198.364E-06        376.506E-06       -198.366E-06  




