
                  X               external_work     internal_energy     kinetic_energy     total_energy

                0.                 0.                 0.                 0.                 0.
               52.3677E-03        17.4197E-09        17.438E-09         14.6146E-12        32.9226E-12
              103.796E-03         72.4118E-09        72.3521E-09        89.198E-12         29.5302E-12
              154.238E-03        171.352E-09        171.288E-09         90.2845E-12        25.7597E-12
              203.665E-03        325.17E-09         325.15E-09          67.0302E-12        47.1597E-12
              252.057E-03        538.14E-09         537.829E-09        373.189E-12         62.0756E-12
              305.201E-03        825.795E-09        825.041E-09        826.119E-12         72.7334E-12
              351.281E-03          1.1082E-06         1.10595E-06        2.30097E-09       46.9437E-12
              401.743E-03          1.47275E-06        1.4708E-06         2.00569E-09       59.0089E-12
              450.752E-03          1.94491E-06        1.94433E-06      644.212E-12         66.0854E-12
              503.563E-03          2.62882E-06        2.62841E-06      475.947E-12         65.4438E-12
              554.658E-03          3.41711E-06        3.4154E-06         1.80355E-09       92.3475E-12
              603.908E-03          4.13897E-06        4.13556E-06        3.47363E-09       62.2014E-12
              651.142E-03          5.01554E-06        5.0145E-06         1.12776E-09       84.7095E-12
              701.084E-03          6.27101E-06        6.26906E-06        2.04138E-09       84.446E-12
              753.178E-03          7.49278E-06        7.48823E-06        4.6333E-09        82.6871E-12
              802.801E-03          8.86708E-06        8.86524E-06        1.92481E-09       84.0591E-12
              850.356E-03         10.6115E-06        10.6076E-06         3.97099E-09       87.2851E-12
              903.202E-03         12.3337E-06        12.3288E-06         5.00576E-09      102.765E-12
              953.422E-03         14.5648E-06        14.5622E-06         2.72071E-09       77.2038E-12
                1.                16.6198E-06        16.6129E-06         7.01878E-09       77.0047E-12
