
                             _U:U1 PI: PART-1-  _U:U2 PI: PART-1-  _U:U3 PI: PART-1-
                  X               1 N: 8_1           1 N: 8_1           1 N: 8_1    

                0.                 0.                 0.                 0.         
               10.0022E-03      -217.021E-09          5.7218E-06      -217.021E-09  
               20.0018E-03        -4.69584E-06       32.9754E-06        -4.69584E-06
               30.0014E-03       -18.0663E-06        68.308E-06        -18.0663E-06 
               40.0009E-03       -28.0942E-06        92.2684E-06       -28.0942E-06 
               50.0005E-03       -24.7845E-06       102.949E-06        -24.7845E-06 
               60.0001E-03       -23.1013E-06       109.962E-06        -23.1013E-06 
               70.0023E-03       -32.4718E-06       130.948E-06        -32.4718E-06 
               80.0019E-03       -42.8637E-06       168.968E-06        -42.8637E-06 
               90.0015E-03       -49.9127E-06       198.366E-06        -49.9127E-06 
              100.001E-03        -52.9912E-06       205.852E-06        -52.9911E-06 
              110.001E-03        -50.3935E-06       212.656E-06        -50.3935E-06 
              120.E-03           -53.8517E-06       236.215E-06        -53.8516E-06 
              130.002E-03        -68.5867E-06       270.559E-06        -68.5867E-06 
              140.002E-03        -77.3952E-06       301.325E-06        -77.3952E-06 
              150.002E-03        -75.7641E-06       315.409E-06        -75.764E-06  
              160.001E-03        -76.8256E-06       319.02E-06         -76.8256E-06 
              170.001E-03        -81.842E-06        338.301E-06        -81.842E-06  
              180.E-03           -89.955E-06        376.57E-06         -89.955E-06  
              190.003E-03       -101.901E-06        408.351E-06       -101.901E-06  
              200.002E-03       -105.319E-06        422.4E-06         -105.319E-06  
              210.002E-03       -100.641E-06        429.681E-06       -100.641E-06  
              220.001E-03       -105.634E-06        445.614E-06       -105.634E-06  
              230.001E-03       -117.613E-06        479.457E-06       -117.613E-06  
              240.E-03          -124.797E-06        517.279E-06       -124.797E-06  
              250.E-03          -129.71E-06         535.228E-06       -129.71E-06   
              260.002E-03       -130.68E-06         539.554E-06       -130.68E-06   
              270.002E-03       -129.499E-06        555.116E-06       -129.499E-06  
              280.001E-03       -139.367E-06        587.281E-06       -139.367E-06  
              290.001E-03       -152.661E-06        623.923E-06       -152.661E-06  
              300.001E-03       -154.741E-06        648.825E-06       -154.741E-06  
              310.E-03          -154.895E-06        655.769E-06       -154.895E-06  
              320.002E-03       -158.399E-06        664.959E-06       -158.399E-06  
              330.002E-03       -162.673E-06        695.645E-06       -162.673E-06  
              340.001E-03       -174.066E-06        734.639E-06       -174.066E-06  
              350.001E-03       -183.61E-06         761.673E-06       -183.61E-06   
              360.001E-03       -181.134E-06        773.48E-06        -181.134E-06  
              370.E-03          -181.833E-06        780.985E-06       -181.833E-06  
              380.002E-03       -189.883E-06        803.875E-06       -189.883E-06  
              390.002E-03       -196.955E-06        844.162E-06       -196.955E-06  
              400.002E-03       -206.363E-06        877.489E-06       -206.363E-06  
              410.001E-03       -211.053E-06        891.716E-06       -211.052E-06  
              420.001E-03       -207.321E-06        899.57E-06        -207.321E-06  
              430.E-03          -212.061E-06        917.359E-06       -212.061E-06  
              440.003E-03       -223.199E-06        952.724E-06       -223.199E-06  
              450.002E-03       -229.435E-06        992.223E-06       -229.435E-06  
              460.002E-03       -235.59E-06           1.01342E-03     -235.59E-06   
              470.001E-03       -237.058E-06          1.02025E-03     -237.058E-06  
              480.001E-03       -235.32E-06           1.03413E-03     -235.32E-06   
              490.E-03          -244.893E-06          1.06432E-03     -244.893E-06  
              500.E-03          -255.697E-06          1.10444E-03     -255.697E-06  
              510.002E-03       -259.094E-06          1.1351E-03      -259.094E-06  
              520.002E-03       -263.308E-06          1.14565E-03     -263.308E-06  
              530.001E-03       -263.52E-06           1.15397E-03     -263.52E-06   
              540.001E-03       -265.657E-06          1.17853E-03     -265.657E-06  
              550.001E-03       -278.427E-06          1.21663E-03     -278.427E-06  
              560.E-03          -285.546E-06          1.25369E-03     -285.546E-06  
              570.002E-03       -287.131E-06          1.27341E-03     -287.131E-06  
              580.002E-03       -290.959E-06          1.27981E-03     -290.959E-06  
              590.001E-03       -290.925E-06          1.29629E-03     -290.925E-06  
              600.001E-03       -297.993E-06          1.33046E-03     -297.993E-06  
              610.001E-03       -310.621E-06          1.37026E-03     -310.622E-06  
              620.E-03          -312.904E-06          1.39964E-03     -312.904E-06  
              630.002E-03       -315.464E-06          1.41066E-03     -315.464E-06  
              640.002E-03       -318.302E-06          1.41976E-03     -318.303E-06  
              650.002E-03       -319.487E-06          1.44611E-03     -319.487E-06  
              660.001E-03       -331.394E-06          1.48532E-03     -331.394E-06  
              670.001E-03       -339.261E-06          1.52213E-03     -339.261E-06  
              680.E-03          -339.726E-06          1.54242E-03     -339.726E-06  
              690.003E-03       -344.173E-06          1.54967E-03     -344.172E-06  
              700.002E-03       -344.279E-06          1.56626E-03     -344.279E-06  
              710.002E-03       -350.598E-06          1.60033E-03     -350.598E-06  
              720.001E-03       -362.938E-06          1.64095E-03     -362.938E-06  
              730.001E-03       -365.02E-06           1.67219E-03     -365.02E-06   
              740.E-03          -368.716E-06          1.68499E-03     -368.715E-06  
              750.E-03          -370.921E-06          1.69417E-03     -370.921E-06  
              760.002E-03       -371.503E-06          1.71835E-03     -371.503E-06  
              770.002E-03       -383.477E-06          1.75672E-03     -383.477E-06  
              780.001E-03       -389.77E-06           1.79639E-03     -389.77E-06   
              790.001E-03       -392.616E-06          1.82035E-03     -392.616E-06  
              800.001E-03       -397.368E-06          1.82948E-03     -397.367E-06  
              810.E-03          -395.227E-06          1.8436E-03      -395.226E-06  
              820.002E-03       -402.856E-06          1.87346E-03     -402.855E-06  
              830.002E-03       -412.487E-06          1.91509E-03     -412.487E-06  
              840.001E-03       -415.781E-06          1.9513E-03      -415.781E-06  
              850.001E-03       -422.731E-06          1.9688E-03      -422.731E-06  
              860.001E-03       -421.072E-06          1.97828E-03     -421.072E-06  
              870.E-03          -423.555E-06          1.99633E-03     -423.554E-06  
              880.002E-03       -433.255E-06          2.03115E-03     -433.254E-06  
              890.002E-03       -437.355E-06          2.07421E-03     -437.356E-06  
              900.002E-03       -446.453E-06          2.10512E-03     -446.453E-06  
              910.001E-03       -447.439E-06          2.11985E-03     -447.439E-06  
              920.001E-03       -446.723E-06          2.13007E-03     -446.723E-06  
              930.E-03          -454.222E-06          2.15203E-03     -454.222E-06  
              940.003E-03       -457.452E-06          2.19148E-03     -457.452E-06  
              950.002E-03       -467.674E-06          2.23258E-03     -467.674E-06  
              960.002E-03       -472.433E-06          2.26041E-03     -472.433E-06  
              970.001E-03       -471.516E-06          2.27328E-03     -471.515E-06  
              980.001E-03       -476.821E-06          2.28451E-03     -476.821E-06  
              990.E-03          -477.638E-06          2.31147E-03     -477.639E-06  
                1.              -487.227E-06          2.35213E-03     -487.228E-06  




